[    0.000000] Initializing cgroup subsys cpuset
[    0.000000] Initializing cgroup subsys cpu
[    0.000000] Initializing cgroup subsys cpuacct
[    0.000000] Linux version 4.4.0-142-generic (buildd@lgw01-amd64-033) (gcc version 5.4.0 20160609 (Ubuntu 5.4.0-6ubuntu1~16.04.10) ) #168-Ubuntu SMP Wed Jan 16 21:00:45 UTC 2019 (Ubuntu 4.4.0-142.168-generic 4.4.167)
[    0.000000] Command line: BOOT_IMAGE=/boot/vmlinuz-4.4.0-142-generic root=LABEL=cloudimg-rootfs ro console=tty1 console=ttyS0
[    0.000000] KERNEL supported cpus:
[    0.000000]   Intel GenuineIntel
[    0.000000]   AMD AuthenticAMD
[    0.000000]   Centaur CentaurHauls
[    0.000000] x86/fpu: xstate_offset[2]:  576, xstate_sizes[2]:  256
[    0.000000] x86/fpu: Supporting XSAVE feature 0x01: 'x87 floating point registers'
[    0.000000] x86/fpu: Supporting XSAVE feature 0x02: 'SSE registers'
[    0.000000] x86/fpu: Supporting XSAVE feature 0x04: 'AVX registers'
[    0.000000] x86/fpu: Enabled xstate features 0x7, context size is 832 bytes, using 'standard' format.
[    0.000000] e820: BIOS-provided physical RAM map:
[    0.000000] BIOS-e820: [mem 0x0000000000000000-0x000000000009fbff] usable
[    0.000000] BIOS-e820: [mem 0x000000000009fc00-0x000000000009ffff] reserved
[    0.000000] BIOS-e820: [mem 0x00000000000f0000-0x00000000000fffff] reserved
[    0.000000] BIOS-e820: [mem 0x0000000000100000-0x000000007ffeffff] usable
[    0.000000] BIOS-e820: [mem 0x000000007fff0000-0x000000007fffffff] ACPI data
[    0.000000] BIOS-e820: [mem 0x00000000fec00000-0x00000000fec00fff] reserved
[    0.000000] BIOS-e820: [mem 0x00000000fee00000-0x00000000fee00fff] reserved
[    0.000000] BIOS-e820: [mem 0x00000000fffc0000-0x00000000ffffffff] reserved
[    0.000000] NX (Execute Disable) protection: active
[    0.000000] SMBIOS 2.5 present.
[    0.000000] Hypervisor detected: KVM
[    0.000000] e820: last_pfn = 0x7fff0 max_arch_pfn = 0x400000000
[    0.000000] MTRR: Disabled
[    0.000000] x86/PAT: MTRRs disabled, skipping PAT initialization too.
[    0.000000] CPU MTRRs all blank - virtualized system.
[    0.000000] x86/PAT: Configuration [0-7]: WB  WT  UC- UC  WB  WT  UC- UC  
[    0.000000] found SMP MP-table at [mem 0x0009fff0-0x0009ffff] mapped at [ffff88000009fff0]
[    0.000000] Scanning 1 areas for low memory corruption
[    0.000000] RAMDISK: [mem 0x36308000-0x3717bfff]
[    0.000000] ACPI: Early table checksum verification disabled
[    0.000000] ACPI: RSDP 0x00000000000E0000 000024 (v02 VBOX  )
[    0.000000] ACPI: XSDT 0x000000007FFF0030 00003C (v01 VBOX   VBOXXSDT 00000001 ASL  00000061)
[    0.000000] ACPI: FACP 0x000000007FFF00F0 0000F4 (v04 VBOX   VBOXFACP 00000001 ASL  00000061)
[    0.000000] ACPI: DSDT 0x000000007FFF0470 0021FF (v02 VBOX   VBOXBIOS 00000002 INTL 20100528)
[    0.000000] ACPI: FACS 0x000000007FFF0200 000040
[    0.000000] ACPI: FACS 0x000000007FFF0200 000040
[    0.000000] ACPI: APIC 0x000000007FFF0240 000054 (v02 VBOX   VBOXAPIC 00000001 ASL  00000061)
[    0.000000] ACPI: SSDT 0x000000007FFF02A0 0001CC (v01 VBOX   VBOXCPUT 00000002 INTL 20100528)
[    0.000000] No NUMA configuration found
[    0.000000] Faking a node at [mem 0x0000000000000000-0x000000007ffeffff]
[    0.000000] NODE_DATA(0) allocated [mem 0x7ffeb000-0x7ffeffff]
[    0.000000] kvm-clock: Using msrs 4b564d01 and 4b564d00
[    0.000000] kvm-clock: cpu 0, msr 0:7ffe3001, primary cpu clock
[    0.000000] kvm-clock: using sched offset of 4478652567 cycles
[    0.000000] clocksource: kvm-clock: mask: 0xffffffffffffffff max_cycles: 0x1cd42e4dffb, max_idle_ns: 881590591483 ns
[    0.000000] Zone ranges:
[    0.000000]   DMA      [mem 0x0000000000001000-0x0000000000ffffff]
[    0.000000]   DMA32    [mem 0x0000000001000000-0x000000007ffeffff]
[    0.000000]   Normal   empty
[    0.000000]   Device   empty
[    0.000000] Movable zone start for each node
[    0.000000] Early memory node ranges
[    0.000000]   node   0: [mem 0x0000000000001000-0x000000000009efff]
[    0.000000]   node   0: [mem 0x0000000000100000-0x000000007ffeffff]
[    0.000000] Initmem setup node 0 [mem 0x0000000000001000-0x000000007ffeffff]
[    0.000000] ACPI: PM-Timer IO Port: 0x4008
[    0.000000] IOAPIC[0]: apic_id 1, version 32, address 0xfec00000, GSI 0-23
[    0.000000] ACPI: INT_SRC_OVR (bus 0 bus_irq 0 global_irq 2 dfl dfl)
[    0.000000] ACPI: INT_SRC_OVR (bus 0 bus_irq 9 global_irq 9 low level)
[    0.000000] Using ACPI (MADT) for SMP configuration information
[    0.000000] smpboot: Allowing 1 CPUs, 0 hotplug CPUs
[    0.000000] PM: Registered nosave memory: [mem 0x00000000-0x00000fff]
[    0.000000] PM: Registered nosave memory: [mem 0x0009f000-0x0009ffff]
[    0.000000] PM: Registered nosave memory: [mem 0x000a0000-0x000effff]
[    0.000000] PM: Registered nosave memory: [mem 0x000f0000-0x000fffff]
[    0.000000] e820: [mem 0x80000000-0xfebfffff] available for PCI devices
[    0.000000] Booting paravirtualized kernel on KVM
[    0.000000] clocksource: refined-jiffies: mask: 0xffffffff max_cycles: 0xffffffff, max_idle_ns: 7645519600211568 ns
[    0.000000] setup_percpu: NR_CPUS:512 nr_cpumask_bits:512 nr_cpu_ids:1 nr_node_ids:1
[    0.000000] PERCPU: Embedded 34 pages/cpu @ffff88007fc00000 s99480 r8192 d31592 u2097152
[    0.000000] Built 1 zonelists in Node order, mobility grouping on.  Total pages: 515960
[    0.000000] Policy zone: DMA32
[    0.000000] Kernel command line: BOOT_IMAGE=/boot/vmlinuz-4.4.0-142-generic root=LABEL=cloudimg-rootfs ro console=tty1 console=ttyS0
[    0.000000] PID hash table entries: 4096 (order: 3, 32768 bytes)
[    0.000000] Memory: 2030060K/2096696K available (8603K kernel code, 1332K rwdata, 4004K rodata, 1484K init, 1316K bss, 66636K reserved, 0K cma-reserved)
[    0.000000] SLUB: HWalign=64, Order=0-3, MinObjects=0, CPUs=1, Nodes=1
[    0.000000] Kernel/User page tables isolation: enabled
[    0.000000] Hierarchical RCU implementation.
[    0.000000] 	Build-time adjustment of leaf fanout to 64.
[    0.000000] 	RCU restricting CPUs from NR_CPUS=512 to nr_cpu_ids=1.
[    0.000000] RCU: Adjusting geometry for rcu_fanout_leaf=64, nr_cpu_ids=1
[    0.000000] NR_IRQS:33024 nr_irqs:256 16
[    0.000000] Console: colour VGA+ 80x25
[    0.000000] console [tty1] enabled
[    0.000000] console [ttyS0] enabled
[    0.000000] tsc: Detected 2712.000 MHz processor
[    0.555524] Calibrating delay loop (skipped) preset value.. 5424.00 BogoMIPS (lpj=10848000)
[    0.561272] pid_max: default: 32768 minimum: 301
[    0.563676] ACPI: Core revision 20150930
[    0.571798] ACPI: 2 ACPI AML tables successfully acquired and loaded
[    0.575513] Security Framework initialized
[    0.577914] Yama: becoming mindful.
[    0.579760] AppArmor: AppArmor initialized
[    0.594359] Dentry cache hash table entries: 262144 (order: 9, 2097152 bytes)
[    0.598313] Inode-cache hash table entries: 131072 (order: 8, 1048576 bytes)
[    0.643808] Mount-cache hash table entries: 4096 (order: 3, 32768 bytes)
[    0.646940] Mountpoint-cache hash table entries: 4096 (order: 3, 32768 bytes)
[    0.650340] Initializing cgroup subsys io
[    0.652299] Initializing cgroup subsys memory
[    0.654432] Initializing cgroup subsys devices
[    0.656829] Initializing cgroup subsys freezer
[    0.659113] Initializing cgroup subsys net_cls
[    0.661331] Initializing cgroup subsys perf_event
[    0.663638] Initializing cgroup subsys net_prio
[    0.665869] Initializing cgroup subsys hugetlb
[    0.668005] Initializing cgroup subsys pids
[    0.671976] mce: CPU supports 0 MCE banks
[    0.673920] process: using mwait in idle threads
[    0.676340] Last level iTLB entries: 4KB 128, 2MB 8, 4MB 8
[    0.681841] Last level dTLB entries: 4KB 64, 2MB 0, 4MB 0, 1GB 4
[    0.698530] Spectre V2 : Mitigation: Full generic retpoline
[    0.701145] Spectre V2 : Spectre v2 / SpectreRSB mitigation: Filling RSB on context switch
[    0.705183] Speculative Store Bypass: Vulnerable
[    0.759866] Freeing SMP alternatives memory: 32K
[    0.774037] ftrace: allocating 32277 entries in 127 pages
[    0.922656] smpboot: APIC(0) Converting physical 0 to logical package 0
[    0.926229] smpboot: Max logical packages: 1
[    0.929522] x2apic enabled
[    0.932028] Switched APIC routing to physical x2apic.
[    0.936936] ..TIMER: vector=0x30 apic1=0 pin1=2 apic2=-1 pin2=-1
[    1.044451] smpboot: CPU0: Intel(R) Core(TM) i7-6820HQ CPU @ 2.70GHz (family: 0x6, model: 0x5e, stepping: 0x3)
[    1.049942] Performance Events: unsupported p6 CPU model 94 no PMU driver, software events only.
[    1.089436] KVM setup paravirtual spinlock
[    1.093218] x86: Booted up 1 node, 1 CPUs
[    1.096225] smpboot: Total of 1 processors activated (5424.00 BogoMIPS)
[    1.113660] devtmpfs: initialized
[    1.120820] evm: security.selinux
[    1.122631] evm: security.SMACK64
[    1.124640] evm: security.SMACK64EXEC
[    1.126809] evm: security.SMACK64TRANSMUTE
[    1.128814] evm: security.SMACK64MMAP
[    1.130693] evm: security.ima
[    1.132296] evm: security.capability
[    1.134444] clocksource: jiffies: mask: 0xffffffff max_cycles: 0xffffffff, max_idle_ns: 7645041785100000 ns
[    1.138992] futex hash table entries: 256 (order: 2, 16384 bytes)
[    1.142071] pinctrl core: initialized pinctrl subsystem
[    1.144760] RTC time:  0:51:39, date: 02/22/19
[    1.147135] NET: Registered protocol family 16
[    1.149642] cpuidle: using governor ladder
[    1.151677] cpuidle: using governor menu
[    1.153857] PCCT header not found.
[    1.155871] ACPI: bus type PCI registered
[    1.157905] acpiphp: ACPI Hot Plug PCI Controller Driver version: 0.5
[    1.161461] PCI: Using configuration type 1 for base access
[    1.167306] ACPI: Added _OSI(Module Device)
[    1.169392] ACPI: Added _OSI(Processor Device)
[    1.171502] ACPI: Added _OSI(3.0 _SCP Extensions)
[    1.173763] ACPI: Added _OSI(Processor Aggregator Device)
[    1.180495] ACPI: Executed 1 blocks of module-level executable AML code
[    1.189339] ACPI: Interpreter enabled
[    1.191229] ACPI: (supports S0 S5)
[    1.193152] ACPI: Using IOAPIC for interrupt routing
[    1.197533] PCI: Using host bridge windows from ACPI; if necessary, use "pci=nocrs" and report a bug
[    1.213632] ACPI: PCI Root Bridge [PCI0] (domain 0000 [bus 00-ff])
[    1.216359] acpi PNP0A03:00: _OSC: OS supports [ASPM ClockPM Segments MSI]
[    1.219492] acpi PNP0A03:00: _OSC: not requesting OS control; OS requires [ExtendedConfig ASPM ClockPM MSI]
[    1.224117] acpi PNP0A03:00: fail to add MMCONFIG information, can't access extended PCI configuration space under this bridge.
[    1.230806] PCI host bridge to bus 0000:00
[    1.240989] pci_bus 0000:00: root bus resource [io  0x0000-0x0cf7 window]
[    1.244325] pci_bus 0000:00: root bus resource [io  0x0d00-0xffff window]
[    1.249236] pci_bus 0000:00: root bus resource [mem 0x000a0000-0x000bffff window]
[    1.253199] pci_bus 0000:00: root bus resource [mem 0x80000000-0xfdffffff window]
[    1.256982] pci_bus 0000:00: root bus resource [bus 00-ff]
[    1.265232] pci 0000:00:01.1: legacy IDE quirk: reg 0x10: [io  0x01f0-0x01f7]
[    1.268354] pci 0000:00:01.1: legacy IDE quirk: reg 0x14: [io  0x03f6]
[    1.271258] pci 0000:00:01.1: legacy IDE quirk: reg 0x18: [io  0x0170-0x0177]
[    1.274959] pci 0000:00:01.1: legacy IDE quirk: reg 0x1c: [io  0x0376]
[    1.311788] pci 0000:00:07.0: quirk: [io  0x4000-0x403f] claimed by PIIX4 ACPI
[    1.315556] pci 0000:00:07.0: quirk: [io  0x4100-0x410f] claimed by PIIX4 SMB
[    1.339326] ACPI: PCI Interrupt Link [LNKA] (IRQs 5 9 10 *11)
[    1.367537] ACPI: PCI Interrupt Link [LNKB] (IRQs 5 9 *10 11)
[    1.371080] ACPI: PCI Interrupt Link [LNKC] (IRQs 5 *9 10 11)
[    1.374712] ACPI: PCI Interrupt Link [LNKD] (IRQs 5 9 10 *11)
[    1.378563] ACPI: Enabled 2 GPEs in block 00 to 07
[    1.381504] vgaarb: setting as boot device: PCI:0000:00:02.0
[    1.383993] vgaarb: device added: PCI:0000:00:02.0,decodes=io+mem,owns=io+mem,locks=none
[    1.387683] vgaarb: loaded
[    1.389202] vgaarb: bridge control possible 0000:00:02.0
[    1.392427] SCSI subsystem initialized
[    1.394469] ACPI: bus type USB registered
[    1.396536] usbcore: registered new interface driver usbfs
[    1.399030] usbcore: registered new interface driver hub
[    1.401514] usbcore: registered new device driver usb
[    1.404141] PCI: Using ACPI for IRQ routing
[    1.406958] NetLabel: Initializing
[    1.408873] NetLabel:  domain hash size = 128
[    1.411184] NetLabel:  protocols = UNLABELED CIPSOv4
[    1.413569] NetLabel:  unlabeled traffic allowed by default
[    1.416297] amd_nb: Cannot enumerate AMD northbridges
[    1.418827] clocksource: Switched to clocksource kvm-clock
[    1.458999] AppArmor: AppArmor Filesystem Enabled
[    1.462131] pnp: PnP ACPI init
[    1.465895] pnp: PnP ACPI: found 3 devices
[    1.475099] clocksource: acpi_pm: mask: 0xffffff max_cycles: 0xffffff, max_idle_ns: 2085701024 ns
[    1.480683] NET: Registered protocol family 2
[    1.483778] TCP established hash table entries: 16384 (order: 5, 131072 bytes)
[    1.488003] TCP bind hash table entries: 16384 (order: 6, 262144 bytes)
[    1.506154] TCP: Hash tables configured (established 16384 bind 16384)
[    1.509269] UDP hash table entries: 1024 (order: 3, 32768 bytes)
[    1.512202] UDP-Lite hash table entries: 1024 (order: 3, 32768 bytes)
[    1.515138] NET: Registered protocol family 1
[    1.517836] pci 0000:00:00.0: Limiting direct PCI/PCI transfers
[    1.521456] pci 0000:00:01.0: Activating ISA DMA hang workarounds
[    1.524601] Unpacking initramfs...
[    2.180231] Freeing initrd memory: 14800K
[    2.182422] platform rtc_cmos: registered platform RTC device (no PNP device found)
[    2.186021] Scanning for low memory corruption every 60 seconds
[    2.189231] audit: initializing netlink subsys (disabled)
[    2.191914] audit: type=2000 audit(1550796705.872:1): initialized
[    2.195164] Initialise system trusted keyring
[    2.197371] HugeTLB registered 2 MB page size, pre-allocated 0 pages
[    2.203552] zbud: loaded
[    2.205646] VFS: Disk quotas dquot_6.6.0
[    2.208391] VFS: Dquot-cache hash table entries: 512 (order 0, 4096 bytes)
[    2.212337] squashfs: version 4.0 (2009/01/31) Phillip Lougher
[    2.215412] fuse init (API version 7.23)
[    2.217604] Key type big_key registered
[    2.220365] Allocating IMA MOK and blacklist keyrings.
[    2.223140] Key type asymmetric registered
[    2.225499] Asymmetric key parser 'x509' registered
[    2.228058] Block layer SCSI generic (bsg) driver version 0.4 loaded (major 249)
[    2.231785] io scheduler noop registered
[    2.233828] io scheduler deadline registered (default)
[    2.236302] io scheduler cfq registered
[    2.238372] pci_hotplug: PCI Hot Plug PCI Core version: 0.5
[    2.241012] pciehp: PCI Express Hot Plug Controller Driver version: 0.4
[    2.253389] ACPI: AC Adapter [AC] (on-line)
[    2.255535] input: Power Button as /devices/LNXSYSTM:00/LNXPWRBN:00/input/input0
[    2.259547] ACPI: Power Button [PWRF]
[    2.262600] input: Sleep Button as /devices/LNXSYSTM:00/LNXSLPBN:00/input/input1
[    2.266609] ACPI: Sleep Button [SLPF]
[    2.270593] ACPI: Battery Slot [BAT0] (battery present)
[    2.273057] GHES: HEST is not enabled!
[    2.275734] Serial: 8250/16550 driver, 32 ports, IRQ sharing enabled
[    2.304419] 00:02: ttyS0 at I/O 0x3f8 (irq = 4, base_baud = 115200) is a 16550A
[    2.321126] Linux agpgart interface v0.103
[    2.334536] loop: module loaded
[    2.337544] scsi host0: ata_piix
[    2.340107] scsi host1: ata_piix
[    2.342236] ata1: PATA max UDMA/33 cmd 0x1f0 ctl 0x3f6 bmdma 0xd000 irq 14
[    2.345646] ata2: PATA max UDMA/33 cmd 0x170 ctl 0x376 bmdma 0xd008 irq 15
[    2.349729] libphy: Fixed MDIO Bus: probed
[    2.352322] tun: Universal TUN/TAP device driver, 1.6
[    2.354720] tun: (C) 1999-2004 Max Krasnyansky <maxk@qualcomm.com>
[    2.357696] PPP generic driver version 2.4.2
[    2.360030] ehci_hcd: USB 2.0 'Enhanced' Host Controller (EHCI) Driver
[    2.362966] ehci-pci: EHCI PCI platform driver
[    2.365393] ehci-platform: EHCI generic platform driver
[    2.367812] ohci_hcd: USB 1.1 'Open' Host Controller (OHCI) Driver
[    2.370727] ohci-pci: OHCI PCI platform driver
[    2.372902] ohci-platform: OHCI generic platform driver
[    2.375639] uhci_hcd: USB Universal Host Controller Interface driver
[    2.380070] i8042: PNP: PS/2 Controller [PNP0303:PS2K,PNP0f03:PS2M] at 0x60,0x64 irq 1,12
[    2.384740] serio: i8042 KBD port at 0x60,0x64 irq 1
[    2.387080] serio: i8042 AUX port at 0x60,0x64 irq 12
[    2.389654] mousedev: PS/2 mouse device common for all mice
[    2.393966] input: AT Translated Set 2 keyboard as /devices/platform/i8042/serio0/input/input2
[    2.398552] rtc_cmos rtc_cmos: rtc core: registered rtc_cmos as rtc0
[    2.401710] rtc_cmos rtc_cmos: alarms up to one day, 114 bytes nvram
[    2.404912] i2c /dev entries driver
[    2.406929] device-mapper: uevent: version 1.0.3
[    2.409865] device-mapper: ioctl: 4.34.0-ioctl (2015-10-28) initialised: dm-devel@redhat.com
[    2.414044] ledtrig-cpu: registered to indicate activity on CPUs
[    2.417926] NET: Registered protocol family 10
[    2.420436] NET: Registered protocol family 17
[    2.422631] Key type dns_resolver registered
[    2.425174] registered taskstats version 1
[    2.429962] Loading compiled-in X.509 certificates
[    2.433314] Loaded X.509 cert 'Build time autogenerated kernel key: bff73e56bc0efa7435b2a24f5427674623f1be80'
[    2.437556] zswap: loaded using pool lzo/zbud
[    2.443190] Key type trusted registered
[    2.450738] Key type encrypted registered
[    2.452918] AppArmor: AppArmor sha1 policy hashing enabled
[    2.455478] ima: No TPM chip found, activating TPM-bypass!
[    2.458398] ima: Allocated hash algorithm: sha1
[    2.460751] evm: HMAC attrs: 0x1
[    2.463091]   Magic number: 7:962:860
[    2.465064] rtc_cmos rtc_cmos: setting system clock to 2019-02-22 00:51:40 UTC (1550796700)
[    2.469163] BIOS EDD facility v0.16 2004-Jun-25, 0 devices found
[    2.472338] EDD information not available.
[    2.504828] Freeing unused kernel memory: 1484K
[    2.507020] Write protecting the kernel read-only data: 14336k
[    2.510811] Freeing unused kernel memory: 1624K
[    2.513685] Freeing unused kernel memory: 92K
Loading, please wait...
starting version 229
[    2.543767] random: systemd-udevd: uninitialized urandom read (16 bytes read, 5 bits of entropy available)
[    2.549457] random: udevadm: uninitialized urandom read (16 bytes read, 5 bits of entropy available)
[    2.553893] random: systemd-udevd: uninitialized urandom read (16 bytes read, 5 bits of entropy available)
[    2.558405] random: udevadm: uninitialized urandom read (16 bytes read, 5 bits of entropy available)
[    2.563630] random: systemd-udevd: uninitialized urandom read (16 bytes read, 5 bits of entropy available)
[    2.571297] random: systemd-udevd: uninitialized urandom read (16 bytes read, 5 bits of entropy available)
[    2.588722] random: systemd-udevd: uninitialized urandom read (16 bytes read, 5 bits of entropy available)
[    2.598060] random: systemd-udevd: uninitialized urandom read (16 bytes read, 5 bits of entropy available)
[    2.604571] random: udevadm: uninitialized urandom read (16 bytes read, 5 bits of entropy available)
[    2.609464] random: systemd-udevd: uninitialized urandom read (16 bytes read, 5 bits of entropy available)
[    2.755296] Fusion MPT base driver 3.04.20
[    2.757324] Copyright (c) 1999-2008 LSI Corporation
[    2.763474] e1000: Intel(R) PRO/1000 Network Driver - version 7.3.21-k8-NAPI
[    2.767252] e1000: Copyright (c) 1999-2006 Intel Corporation.
[    2.817916] Fusion MPT SPI Host driver 3.04.20
[    2.889950] AVX2 version of gcm_enc/dec engaged.
[    2.893160] AES CTR mode by8 optimization enabled
[    2.994335] input: ImExPS/2 Generic Explorer Mouse as /devices/platform/i8042/serio1/input/input4
[    3.188243] tsc: Refined TSC clocksource calibration: 2713.124 MHz
[    3.191125] clocksource: tsc: mask: 0xffffffffffffffff max_cycles: 0x271bac7022f, max_idle_ns: 440795326234 ns
[    3.376936] e1000 0000:00:03.0 eth0: (PCI:33MHz:32-bit) 02:3e:59:1c:26:9a
[    3.379897] e1000 0000:00:03.0 eth0: Intel(R) PRO/1000 Network Connection
[    3.384133] mptbase: ioc0: Initiating bringup
[    3.447228] ioc0: LSI53C1030 A0: Capabilities={Initiator}
[    3.609649] scsi host2: ioc0: LSI53C1030 A0, FwRev=00000000h, Ports=1, MaxQ=256, IRQ=20
[    3.726459] scsi 2:0:0:0: Direct-Access     VBOX     HARDDISK         1.0  PQ: 0 ANSI: 5
[    3.731348] scsi target2:0:0: Beginning Domain Validation
[    3.736249] scsi target2:0:0: Domain Validation skipping write tests
[    3.739426] scsi target2:0:0: Ending Domain Validation
[    3.743077] scsi target2:0:0: asynchronous
[    3.746118] scsi 2:0:1:0: Direct-Access     VBOX     HARDDISK         1.0  PQ: 0 ANSI: 5
[    3.751295] scsi target2:0:1: Beginning Domain Validation
[    3.791691] scsi target2:0:1: Domain Validation skipping write tests
[    3.794438] scsi target2:0:1: Ending Domain Validation
[    3.808209] scsi target2:0:1: asynchronous
[    3.938137] sd 2:0:0:0: Attached scsi generic sg0 type 0
[    3.941360] sd 2:0:0:0: [sda] 20971520 512-byte logical blocks: (10.7 GB/10.0 GiB)
[    3.970456] sd 2:0:1:0: [sdb] 20480 512-byte logical blocks: (10.5 MB/10.0 MiB)
[    3.974814] sd 2:0:1:0: Attached scsi generic sg1 type 0
[    3.984734] sd 2:0:1:0: [sdb] Write Protect is off
[    4.001761] sd 2:0:1:0: [sdb] Incomplete mode parameter data
[    4.004413] sd 2:0:1:0: [sdb] Assuming drive cache: write through
[    4.026181] sd 2:0:0:0: [sda] Write Protect is off
[    4.036043] sd 2:0:0:0: [sda] Incomplete mode parameter data
[    4.041813] sd 2:0:0:0: [sda] Assuming drive cache: write through
[    4.045415] sd 2:0:1:0: [sdb] Attached SCSI disk
[    4.067188]  sda: sda1
[    4.069553] sd 2:0:0:0: [sda] Attached SCSI disk
[    4.322502] e1000 0000:00:08.0 eth1: (PCI:33MHz:32-bit) 08:00:27:dd:1e:6f
[    4.326594] e1000 0000:00:08.0 eth1: Intel(R) PRO/1000 Network Connection
[    4.331395] e1000 0000:00:08.0 enp0s8: renamed from eth1
[    4.337331] e1000 0000:00:03.0 enp0s3: renamed from eth0
Begin: Loading essential drivers ... [    6.219479] md: linear personality registered for level -1
[    6.227506] md: multipath personality registered for level -4
[    6.235370] md: raid0 personality registered for level 0
[    6.244943] md: raid1 personality registered for level 1
[    6.323042] raid6: sse2x1   gen()  4490 MB/s
[    6.390892] raid6: sse2x1   xor()  3467 MB/s
[    6.459204] raid6: sse2x2   gen()  5416 MB/s
[    6.526852] raid6: sse2x2   xor()  4187 MB/s
[    6.594876] raid6: sse2x4   gen()  6220 MB/s
[    6.663147] raid6: sse2x4   xor()  4870 MB/s
[    6.730971] raid6: avx2x1   gen()  8304 MB/s
[    6.799589] raid6: avx2x2   gen()  9687 MB/s
[    6.867701] raid6: avx2x4   gen() 10295 MB/s
[    6.869850] raid6: using algorithm avx2x4 gen() 10295 MB/s
[    6.872346] raid6: using avx2x2 recovery algorithm
[    6.879778] xor: automatically using best checksumming function:
[    6.923260]    avx       :  8847.000 MB/sec
[    6.942444] async_tx: api initialized (async)
[    6.978088] md: raid6 personality registered for level 6
[    6.983300] md: raid5 personality registered for level 5
[    6.986092] md: raid4 personality registered for level 4
[    7.003343] md: raid10 personality registered for level 10
done.
Begin: Running /scripts/init-premount ... done.
Begin: Mounting root file system ... Begin: Running /scripts/local-top ... done.
Begin: Running /scripts/local-premount ... [    7.087609] Btrfs loaded
Scanning for Btrfs filesystems
done.
Warning: fsck not present, so skipping root file system
[    7.148550] EXT4-fs (sda1): mounted filesystem with ordered data mode. Opts: (null)
done.
Begin: Running /scripts/local-bottom ... done.
Begin: Running /scripts/init-bottom ... done.
[    7.331822] systemd[1]: systemd 229 running in system mode. (+PAM +AUDIT +SELINUX +IMA +APPARMOR +SMACK +SYSVINIT +UTMP +LIBCRYPTSETUP +GCRYPT +GNUTLS +ACL +XZ -LZ4 +SECCOMP +BLKID +ELFUTILS +KMOD -IDN)
[    7.341160] systemd[1]: Detected virtualization oracle.
[    7.344314] systemd[1]: Detected architecture x86-64.

Welcome to [1mUbuntu 16.04.5 LTS[0m!

[    7.355672] systemd[1]: Set hostname to <ubuntu>.
[    7.362734] systemd[1]: Initializing machine ID from random generator.
[    7.366333] systemd[1]: Installed transient /etc/machine-id file.
[    7.667018] systemd[1]: Listening on Journal Audit Socket.
[[0;32m  OK  [0m] Listening on Journal Audit Socket.
[    7.675159] systemd[1]: Listening on LVM2 metadata daemon socket.
[[0;32m  OK  [0m] Listening on LVM2 metadata daemon socket.
[    7.684466] systemd[1]: Listening on /dev/initctl Compatibility Named Pipe.
[[0;32m  OK  [0m] Listening on /dev/initctl Compatibility Named Pipe.
[    7.696277] systemd[1]: Created slice System Slice.
[[0;32m  OK  [0m] Created slice System Slice.
[    7.705811] systemd[1]: Listening on Device-mapper event daemon FIFOs.
[[0;32m  OK  [0m] Listening on Device-mapper event daemon FIFOs.
[    7.727933] systemd[1]: Reached target User and Group Name Lookups.
[[0;32m  OK  [0m] Reached target User and Group Name Lookups.
[    7.738265] systemd[1]: Started Trigger resolvconf update for networkd DNS.
[[0;32m  OK  [0m] Started Trigger resolvconf update for networkd DNS.
[    7.749267] systemd[1]: Listening on udev Kernel Socket.
[[0;32m  OK  [0m] Listening on udev Kernel Socket.
[    7.768275] systemd[1]: Started Forward Password Requests to Wall Directory Watch.
[[0;32m  OK  [0m] Started Forward Password Requests to Wall Directory Watch.
[    7.779044] systemd[1]: Listening on LVM2 poll daemon socket.
[[0;32m  OK  [0m] Listening on LVM2 poll daemon socket.
[    7.785869] systemd[1]: Created slice User and Session Slice.
[[0;32m  OK  [0m] Created slice User and Session Slice.
[    7.792489] systemd[1]: Listening on Syslog Socket.
[[0;32m  OK  [0m] Listening on Syslog Socket.
[    7.800791] systemd[1]: Listening on udev Control Socket.
[[0;32m  OK  [0m] Listening on udev Control Socket.
[    7.815815] systemd[1]: Reached target Encrypted Volumes.
[[0;32m  OK  [0m] Reached target Encrypted Volumes.
[    7.824679] systemd[1]: Listening on Journal Socket (/dev/log).
[[0;32m  OK  [0m] Listening on Journal Socket (/dev/log).
[    7.834252] systemd[1]: Created slice system-serial\x2dgetty.slice.
[[0;32m  OK  [0m] Created slice system-serial\x2dgetty.slice.
[    7.842759] systemd[1]: Reached target Swap.
[[0;32m  OK  [0m] Reached target Swap.
[    7.849909] systemd[1]: Reached target System Time Synchronized.
[[0;32m  OK  [0m] Reached target System Time Synchronized.
[    7.859337] systemd[1]: Listening on Journal Socket.
[[0;32m  OK  [0m] Listening on Journal Socket.
[    7.866298] systemd[1]: Starting Create list of required static device nodes for the current kernel...
         [    7.873325] random: nonblocking pool is initialized
Starting Create list of required st... nodes for the current kernel...
[    7.885943] systemd[1]: Starting Remount Root and Kernel File Systems...
         Starting Remount Root and Kernel File Systems...[    7.899949] EXT4-fs (sda1): re-mounted. Opts: (null)

[    7.907796] systemd[1]: Starting Journal Service...
         Starting Journal Service...
[    7.922069] systemd[1]: Starting Monitoring of LVM2 mirrors, snapshots etc. using dmeventd or progress polling...
         Starting Monitoring of LVM2 mirrors... dmeventd or progress polling...
[    7.947375] systemd[1]: Starting Set console keymap...
         Starting Set console keymap...
[    7.969043] systemd[1]: Starting Load Kernel Modules...
         Starting Load Kernel Modules...
[    7.988183] systemd[1]: Starting Nameserver information manager...
         Starting Nameserver information manager...
[    8.012730] systemd[1]: Mounting Huge Pages File System...
         Mounting Huge Pages File System...
[    8.024251] systemd[1]: Mounting POSIX Message Queue File System...
         Mounting POSIX Message Queue File System...
[    8.050888] systemd[1]: Mounting Debug File System...
         Mounting Debug File System...
[    8.072858] systemd[1]: Reached target Slices.
[    8.076099] Loading iSCSI transport class v2.0-870.
[[0;32m  OK  [0m] Reached target Slices.
[    8.100934] systemd[1]: Set up automount Arbitrary Executable File Formats File System Automount Point.
[[0;32m  OK  [0m] Set up automount Arbitrary Executab...ats File System Automount Point.
[    8.125664] systemd[1]: Starting Uncomplicated firewall...
         Starting Uncomplicated firewall...
[    8.143949] systemd[1]: Mounted Debug File System.
[[0;32m  OK  [0m] Mounted Debug File System.
[    8.168110] systemd[1]: Mounted Huge Pages File System.
[[0;32m  OK  [0m] Mounted Huge Pages File System.
[    8.183488] systemd[1]: Mounted POSIX Message Queue File System.
[[0;32m  OK  [0m] Mounted POSIX Message Queue File System.
[    8.200137] systemd[1]: Started Create list of required static device nodes for the current kernel.
[[0;32m  OK  [0m] Started Create list of required sta...ce nodes for the current kernel.
[    8.224035] systemd[1]: Started Remount Root and Kernel File Systems.
[    8.236182] iscsi: registered transport (tcp)
[[0;32m  OK  [0m] Started Remount Root and Kernel File Systems.
[    8.258068] systemd[1]: Started Uncomplicated firewall.
[[0;32m  OK  [0m] Started Uncomplicated firewall.
[    8.305590] systemd[1]: Started Journal Service.
[[0;32m  OK  [0m] Started Journal Service.
[[0;32m  OK  [0m] Started Nameserver information manager.
[    8.454238] iscsi: registered transport (iser)
[[0;32m  OK  [0m] Started Load Kernel Modules.
         Mounting FUSE Control File System...
         Starting Apply Kernel Variables...
[[0;32m  OK  [0m] Started LVM2 metadata daemon.
         Starting Load/Save Random Seed...
         Starting Flush Journal to Persistent Storage...
         Starting udev Coldplug all Devices...
         Starting Create Static Device Nodes in /dev...
[[0;32m  OK  [0m] Mounted FUSE Control File System.
[[0;32m  OK  [0m] Started Apply Kernel Variables.
[[0;32m  OK  [0m] Started Load/Save Random Seed.
[[0;32m  OK  [0m] Started Set console keymap.
[[0;32m  OK  [0m] Started Create Static Device Nodes in /dev.
[[0;32m  OK  [0m] Started Monitoring of LVM2 mirrors,...ng dmeventd or progress polling.
[[0;32m  OK  [0m] Started udev Coldplug all Devices.
[[0;32m  OK  [0m] Started Flush Journal to Persistent Storage.
         Starting udev Kernel Device Manager...
[[0;32m  OK  [0m] Reached target Local File Systems (Pre).
[[0;32m  OK  [0m] Reached target Local File Systems.
         Starting Tell Plymouth To Write Out Runtime Data...
         Starting LSB: AppArmor initialization...
         Starting Commit a transient machine-id on disk...
         Starting Initial cloud-init job (pre-networking)...
         Starting Set console font and keymap...
         Starting Create Volatile Files and Directories...
[[0;32m  OK  [0m] Started udev Kernel Device Manager.
[[0;32m  OK  [0m] Started Tell Plymouth To Write Out Runtime Data.
[[0;32m  OK  [0m] Started Commit a transient machine-id on disk.
[[0;32m  OK  [0m] Started Create Volatile Files and Directories.
         Starting Update UTMP about System Boot/Shutdown...
[[0;32m  OK  [0m] Started Dispatch Password Requests to Console Directory Watch.
[[0;32m  OK  [0m] Started Update UTMP about System Boot/Shutdown.
[[0;32m  OK  [0m] Found device /dev/ttyS0.
[[0;32m  OK  [0m] Listening on Load/Save RF Kill Switch Status /dev/rfkill Watch.
[[0;32m  OK  [0m] Started Initial cloud-init job (pre-networking).
[   14.547202] cloud-init[482]: Cloud-init v. 18.4-0ubuntu1~16.04.2 running 'init-local' at Fri, 22 Feb 2019 00:51:51 +0000. Up 12.87 seconds.[[0;32m  OK  [0m] Reached target Network (Pre).

[[0;32m  OK  [0m] Started Set console font and keymap.
[[0;32m  OK  [0m] Created slice system-getty.slice.
[[0;32m  OK  [0m] Started LSB: AppArmor initialization.
         Starting Raise network interfaces...
[[0;32m  OK  [0m] Started Raise network interfaces.
         Starting Initial cloud-init job (metadata service crawler)...
[[0;32m  OK  [0m] Reached target Network.
[   20.852425] cloud-init[954]: Cloud-init v. 18.4-0ubuntu1~16.04.2 running 'init' at Fri, 22 Feb 2019 00:51:58 +0000. Up 19.56 seconds.
[   20.865314] cloud-init[954]: ci-info: ++++++++++++++++++++++++++++++++++++++Net device info+++++++++++++++++++++++++++++++++++++++
[   20.877487] cloud-init[954]: ci-info: +--------+-------+----------------------------+---------------+--------+-------------------+
[   20.893253] cloud-init[954]: ci-info: | Device |   Up  |          Address           |      Mask     | Scope  |     Hw-Address    |
[   20.908480] cloud-init[954]: ci-info: +--------+-------+----------------------------+---------------+--------+-------------------+
[   20.921572] cloud-init[954]: ci-info: | enp0s3 |  True |         10.0.2.15          | 255.255.255.0 | global | 02:3e:59:1c:26:9a |
[   20.936720] cloud-init[954]: ci-info: | enp0s3 |  True | fe80::3e:59ff:fe1c:269a/64 |       .       |  link  | 02:3e:59:1c:26:9a |
[   20.948033] cloud-init[954]: ci-info: | enp0s8 | False |             .              |       .       |   .    | 08:00:27:dd:1e:6f |
[   20.958780] cloud-init[954]: ci-info: |   lo   |  True |         127.0.0.1          |   255.0.0.0   |  host  |         .         |
[   20.969155] cloud-init[954]: ci-info: |   lo   |  True |          ::1/128           |       .       |  host  |         .         |
[   20.981303] cloud-init[954]: ci-info: +--------+-------+----------------------------+---------------+--------+-------------------+
[   20.993134] cloud-init[954]: ci-info: +++++++++++++++++++++++++++Route IPv4 info++++++++++++++++++++++++++++
[   21.005412] cloud-init[954]: ci-info: +-------+-------------+----------+---------------+-----------+-------+
[   21.017071] cloud-init[954]: ci-info: | Route | Destination | Gateway  |    Genmask    | Interface | Flags |
[   21.029031] cloud-init[954]: ci-info: +-------+-------------+----------+---------------+-----------+-------+
[   21.040829] cloud-init[954]: ci-info: |   0   |   0.0.0.0   | 10.0.2.2 |    0.0.0.0    |   enp0s3  |   UG  |
[   21.049210] cloud-init[954]: ci-info: |   1   |   10.0.2.0  | 0.0.0.0  | 255.255.255.0 |   enp0s3  |   U   |
[[0;32m  OK  [0m] Started Initial cloud-init job (metadata service crawler).[   21.065562] cloud-init[954]: ci-info: +-------+-------------+----------+---------------+-----------+-------+

[   21.072790] cloud-init[954]: ci-info: +++++++++++++++++++Route IPv6 info+++++++++++++++++++[[0;32m  OK  [0m
[   21.080823] cloud-init[954]: ci-info: +-------+-------------+---------+-----------+-------+] Reached target Network is Online.
         Starting iSCSI initiator daemon (iscsid)...
[   21.089744] cloud-init[954]: ci-info: | Route | Destination | Gateway | Interface | Flags |
[[0;32m  OK  [0m] Reached target Cloud-config availability.

[[0;32m  OK  [0m[   21.102615] ] Reached target System Initialization.cloud-init
[[0;32m  OK  [0m] Listening on D-Bus System Message Bus Socket.
         Starting Socket activation for snappy daemon.[954]: ci-info: +-------+-------------+---------+-----------+-------+
[   21.116832] 
[[0;32m  OK  [0m] Listening on UUID daemon activation socket.
cloud-init[954]: ci-info: |   0   |  fe80::/64  |    ::   |   enp0s3  |   U   |
[[0;32m  OK  [0m] Started ACPI Events Check.
[[0;32m  OK  [0m] Reached target Paths.[   21.127432] cloud-init[954]: ci-info: |   3   |   ff00::/8  |    ::   |   enp0s3  |   U   |

         Starting LXD - unix socket.
[   21.140145] cloud-init[954]: ci-info: +-------+-------------+---------+-----------+-------+
[[0;32m  OK  [0m] Started Daily apt download activities.
[   21.148202] cloud-init[954]: Generating public/private rsa key pair.
[   21.151450] [[0;32m  OK  [0m] Listening on ACPID Listen Socket.
[[0;32m  OK  [0m] Started Daily Cleanup of Temporary Directories.cloud-init[954]: Your identification has been saved in /etc/ssh/ssh_host_rsa_key.
[   21.160511] cloud-init[954]: Your public key has been saved in /etc/ssh/ssh_host_rsa_key.pub.
[   21.164043] 
[[0;32m  OK  [0m] Started Daily apt upgrade and clean activities.
[cloud-init[954]: The key fingerprint is:
[   21.170134] cloud-init[954]: SHA256:N6WmXNB9wo5bp/rTGkw2gXhqE59gd9y8HKvKhYPb284 root@ubuntu-xenial[0;32m  OK  [0m] Reached target Timers.
[[0;32m  OK  [0m] Listening on Socket activation for snappy daemon.
[
[   21.181906] cloud-init[954]: The key's randomart image is:[0;32m  OK  [0m] Listening on LXD - unix socket.

[   21.191952] cloud-init[954]: +---[RSA 2048]----+[[0;32m  OK  [0m] Started iSCSI initiator daemon (iscsid).
[   21.213495] cloud-init[954]: |                 |

[   21.220456] cloud-init[954]: |         o = o   |
[   21.227596] cloud-init[954]: |        * = O =  |
[   21.235084] cloud-init[954]: |       . O B = + |
[   21.242353] cloud-init[954]: |        S X * =  |
[   21.250682] cloud-init         Starting Login to default iSCSI targets...
[954]: |       o B O =   |
[   21.258333] cloud-init[[0;32m  OK  [0m] Reached target Sockets.
[[0;32m  OK  [0m] Reached target Basic System.
[954]: |        + + *.   |
[   21.270931] cloud-init[954]: |         + B...  |[[0;32m  OK  [0m] Started D-Bus System Message Bus.

[   21.282216] cloud-init[954]: |        . *+Eo   |
[   21.293189] cloud-init[954]: +----[SHA256]-----+
[   21.308483] cloud-init[954]: Generating public/private dsa key pair.
[   21.312917] cloud-init[954]: Your identification has been saved in /etc/ssh/ssh_host_dsa_key.
[   21.319349] cloud-init[954]: Your public key has been saved in /etc/ssh/ssh_host_dsa_key.pub.
[   21.324810] cloud-init[954]: The key fingerprint is:
         Starting LXD - container startup/shutdown...
         [   21.328330] cloud-init[954]: SHA256:CxY1GD9yrXPSGS/U8FGfm71saqVhsBkUPBV4qONDbzk root@ubuntu-xenial
Starting LSB: MD monitoring daemon...
         Starting Accounts Service...
         Starting LSB: Record successful boot for GRUB...
[   21.350902]          Starting /etc/rc.local Compatibility...
         Starting Pollinate to seed the pseudo random number generator...
         Starting System Logging Service...
cloud-init[954]: The key's randomart image is:         Starting Snappy daemon...
[[0;32m  OK  [0m] Started Deferred execution scheduler.
         Starting Virtualbox guest utils...
         Starting Login Service...
[[0;32m  OK  [0m] Started Unattended Upgrades Shutdown.
[[0;32m  OK  [0m] Started ACPI event daemon.
[[0;32m  OK  [0m] Started FUSE filesystem for LXC.
[[0;32m  OK  [0m] Started Regular background program processing daemon.
[[0;32m  OK  [0m] Started /etc/rc.local Compatibility.

[   21.524667] cloud-init[954]: +---[DSA 1024]----+
[   21.600282] cloud-init[954]: |      .oo o.*+o  |
[   21.602944] cloud-init[954]: [[0;32m  OK  [0m] Started Login to default iSCSI targets.
[[0;32m  OK  [0m] Started System Logging Service.
|      .o o X o ..|
[   21.664675] cloud-init[954]: |      o + * =  ..|
[   21.693806] cloud-init[954]: |       + O *    +|
[   21.737228] cloud-init[954]: |      o S B B  o.|
[   21.783179] cloud-init[954]: |     . . B E o...|
[   21.812976] cloud-init[954]: |        . o o ++ |
[   21.829305] cloud-init[954]: |             oo  |
[[0;32m  OK  [0m] Started LXD - container startup/shutdown.[   21.883240] 
cloud-init[954]: |            ..   |
[[0;32m  OK  [0m] Started Login Service.
         Starting Authenticate and Authorize Users to Run Privileged Tasks...[   21.947228] 
[[0;32m  OK  [0m] Reached target Remote File Systems (Pre).cloud-init
[[0;32m  OK  [0m] Reached target Remote File Systems.
         Starting LSB: automatic crash report generation...
         Starting Permit User Sessions...
         Starting LSB: Set the CPU Frequency Scaling governor to "ondemand"...
         Starting LSB: daemon to balance interrupts for SMP systems...
[954]: +----[SHA256]-----+[[0;32m  OK  [0m] Started Permit User Sessions.

[   22.083182] [[0;32m  OK  [0m] Started LSB: Record successful boot for GRUB.
cloud-init[954]: Generating public/private ecdsa key pair.
[   22.149346] cloud-init[954]: Your identification has been saved in /etc/ssh/ssh_host_ecdsa_key.[[0;32m  OK  [0m] Started LSB: MD monitoring daemon.
         Starting Terminate Plymouth Boot Screen...
         Starting Hold until boot process finishes up...
[[0;32m  OK  [0m] Started LSB: Set the CPU Frequency Scaling governor to "ondemand".
[[0;32m  OK  [0m] Started Terminate Plymouth Boot Screen.
[[0;32m  OK  [0m] Started Hold until boot process finishes up.

[   22.265121] cloud-init[954]: Your public key has been saved in /etc/ssh/ssh_host_ecdsa_key.pub.[[0;32m  OK  [0m] Started Authenticate and Authorize Users to Run Privileged Tasks.
[[0;32m  OK  [0m] Started Accounts Service.
         Starting Set console scheme...
[[0;32m  OK  [0m] Started Getty on tty1.

[[   22.340278] [0;32m  OK  [0m] Started Serial Getty on ttyS0.
[[0;32m  OK  [0m] Reached target Login Prompts.
[[0;32m  OK  [0m] Started LSB: daemon to balance interrupts for SMP systems.
cloud-init[954]: The key fingerprint is:
[[0;32m  OK  [0m] Started Set console scheme.
[   22.377592] [cloud-init[954]: SHA256:dAmUvUKRdsW5rkfpvWQiITloHEliIe0CIHDNQ1to5r0 root@ubuntu-xenial[0;32m  OK  [0m] Started LSB: automatic crash report generation.

[   22.422071] cloud-init[954]: The key's randomart image is:
[   22.456264] cloud-init[954]: +---[ECDSA 256]---+
[   22.466910] cloud-init[954]: |* o==oo.+= o..   |
[   22.486271] cloud-init[954]: |o. oO= .=.o.o    |
[   22.508502] cloud-init[954]: | . =.ooo..o. .   |
[   22.530342] cloud-init[954]: |  . o..+.o. .    |
[   22.550491] cloud-init[954]: [[0;32m  OK  [0m] Started Snappy daemon.
         Starting Wait until snapd is fully seeded...|   .  +.S... .   |
[   22.567433] 
cloud-init[954]: |     .E  o .+    |
[   22.608505] cloud-init[954]: |          .+..o  |
[[0;32m  OK  [0m] Started Virtualbox guest utils.
[   22.613526] cloud-init[954]: |          ..o+.  |
[   22.635239] cloud-init[954]: |           .  .. |
[   22.641276] cloud-init[954]: +----[SHA256]-----+
[   22.652591] cloud-init[954]: Generating public/private ed25519 key pair.
[   22.662281] cloud-init[954]: Your identification has been saved in /etc/ssh/ssh_host_ed25519_key.
[   22.672040] cloud-init[954]: Your public key has been saved in /etc/ssh/ssh_host_ed25519_key.pub.
[   22.676997] cloud-init[954]: The key fingerprint is:
[   22.680691] cloud-init[954]: SHA256:NmgnSZe3c17UExVoTu+Zt7rdXMW10J492/TyU01MGdw root@ubuntu-xenial
[   22.685899] cloud-init[954]: The key's randomart image is:
[   22.690283] cloud-init[954]: +--[ED25519 256]--+
[   22.694315] cloud-init[954]: |              o+B|
[   22.698463] cloud-init[954]: |         .   +.+E|
[   22.703439] cloud-init[954]: |      . o . +.o=o|
[   22.707564] cloud-init[954]: |     . + . . oooO|
[   22.711171] cloud-init[954]: |      = S o . o*O|
[   22.714695] cloud-init[954]: |     . + . + . =X|
[   22.718271] cloud-init[954]: |            . ..B|
[   22.722041] cloud-init[954]: |              .*o|
[   22.726050] cloud-init[954]: |             oo.=|
[   22.734590] cloud-init[954]: +----[SHA256]-----+
[[0;32m  OK  [0m] Started Pollinate to seed the pseudo random number generator.
         Starting OpenBSD Secure Shell server...
[[0;32m  OK  [0m] Started OpenBSD Secure Shell server.
[[0;32m  OK  [0m] Started Wait until snapd is fully seeded.
[[0;32m  OK  [0m] Reached target Multi-User System.
[[0;32m  OK  [0m] Reached target Graphical Interface.
         Starting Update UTMP about System Runlevel Changes...
         Starting Apply the settings specified in cloud-config...
[[0;32m  OK  [0m] Started Update UTMP about System Runlevel Changes.
[   28.110037] cloud-init[1299]: Generating locales (this might take a while)...

Ubuntu 16.04.5 LTS ubuntu-xenial ttyS0

ubuntu-xenial login: [   32.518867] cloud-init[1299]:   en_US.UTF-8... done
[   32.529433] cloud-init[1299]: Generation complete.
[   33.780247] cloud-init[1299]: Cloud-init v. 18.4-0ubuntu1~16.04.2 running 'modules:config' at Fri, 22 Feb 2019 00:52:06 +0000. Up 27.81 seconds.
ci-info: no authorized ssh keys fingerprints found for user ubuntu.
<14>Feb 22 00:52:15 ec2: 
<14>Feb 22 00:52:15 ec2: #############################################################
<14>Feb 22 00:52:15 ec2: -----BEGIN SSH HOST KEY FINGERPRINTS-----
<14>Feb 22 00:52:15 ec2: 1024 SHA256:CxY1GD9yrXPSGS/U8FGfm71saqVhsBkUPBV4qONDbzk root@ubuntu-xenial (DSA)
<14>Feb 22 00:52:15 ec2: 256 SHA256:dAmUvUKRdsW5rkfpvWQiITloHEliIe0CIHDNQ1to5r0 root@ubuntu-xenial (ECDSA)
<14>Feb 22 00:52:15 ec2: 256 SHA256:NmgnSZe3c17UExVoTu+Zt7rdXMW10J492/TyU01MGdw root@ubuntu-xenial (ED25519)
<14>Feb 22 00:52:15 ec2: 2048 SHA256:N6WmXNB9wo5bp/rTGkw2gXhqE59gd9y8HKvKhYPb284 root@ubuntu-xenial (RSA)
<14>Feb 22 00:52:15 ec2: -----END SSH HOST KEY FINGERPRINTS-----
<14>Feb 22 00:52:15 ec2: #############################################################
-----BEGIN SSH HOST KEY KEYS-----
ecdsa-sha2-nistp256 AAAAE2VjZHNhLXNoYTItbmlzdHAyNTYAAAAIbmlzdHAyNTYAAABBBCKYgBYEYmMNSebiKJ5oG5YprWKfrI2y5F9EMJXlySc8U+1Q3HH14+uqAEj/Qf+YFbfGWrcGX27PLjyqhBn/4Q8= root@ubuntu-xenial
ssh-ed25519 AAAAC3NzaC1lZDI1NTE5AAAAIJwyo44LuPMHgVp+KWKxpdz91Qlm9TGUHexP4JPqjjh3 root@ubuntu-xenial
ssh-rsa AAAAB3NzaC1yc2EAAAADAQABAAABAQDYirYSJKugGy7D4vzrzZWz7E/5B2OVHXtVP62hqQ4W9+qs4o81MsABuGmmnEWrrMVGymSVY6Of540q2wh31KS7wO2RMSDSP1TeLwgNqQI4oyy1DNTsrW6vUFk7dGXM/j1j0VPCScZutYMLRW5YkRPwZ+k8KZPqrUlgLqhUFfYcESIUUF0UjYn8XCEpOxIpmb27y/1DF1lRCLz0Omohv9+adtrI4uP4+46WrDSFUfzzQfmZdFvbfm6NokwscB5Ap51sGG1X08rGxyBgSEL6zU1s4O7Rxb4F0U3uq0QsHivWPCnFYrQsx6UUzulga4VLqrBE2yJZIIs1IUkUGN140v7Z root@ubuntu-xenial
-----END SSH HOST KEY KEYS-----
[   36.255230] cloud-init[1472]: Cloud-init v. 18.4-0ubuntu1~16.04.2 running 'modules:final' at Fri, 22 Feb 2019 00:52:14 +0000. Up 35.66 seconds.
[   36.268973] cloud-init[1472]: ci-info: no authorized ssh keys fingerprints found for user ubuntu.
[   36.281450] cloud-init[1472]: Cloud-init v. 18.4-0ubuntu1~16.04.2 finished at Fri, 22 Feb 2019 00:52:15 +0000. Datasource DataSourceNoCloud [seed=/dev/sdb][dsmode=net].  Up 36.20 seconds
